warning: virtual workspace defaulting to `resolver = "1"` despite one or more workspace members being on edition 2021 which implies `resolver = "2"`
note: to keep the current resolver, specify `workspace.resolver = "1"` in the workspace root's manifest
note: to use the edition 2021 resolver, specify `workspace.resolver = "2"` in the workspace root's manifest
note: for more details see https://doc.rust-lang.org/cargo/reference/resolver.html#resolver-versions
    Blocking waiting for file lock on build directory
   Compiling cfg-if v1.0.0
   Compiling bytes v1.6.0
   Compiling once_cell v1.19.0
   Compiling itoa v1.0.11
   Compiling pin-project-lite v0.2.14
   Compiling memchr v2.7.2
   Compiling libc v0.2.155
   Compiling smallvec v1.13.2
   Compiling scopeguard v1.2.0
   Compiling futures-core v0.3.30
   Compiling log v0.4.21
   Compiling futures-sink v0.3.30
   Compiling serde v1.0.203
   Compiling lock_api v0.4.12
   Compiling tracing-core v0.1.32
   Compiling typenum v1.17.0
   Compiling zerocopy v0.7.34
   Compiling slab v0.4.9
   Compiling getrandom v0.2.15
   Compiling parking_lot_core v0.9.10
   Compiling signal-hook-registry v1.4.2
   Compiling mio v0.8.11
   Compiling socket2 v0.5.7
   Compiling num_cpus v1.16.0
   Compiling allocator-api2 v0.2.18
   Compiling ahash v0.8.11
   Compiling parking_lot v0.12.3
   Compiling generic-array v0.14.7
   Compiling tracing v0.1.40
   Compiling pin-utils v0.1.0
   Compiling futures-io v0.3.30
   Compiling futures-task v0.3.30
   Compiling hashbrown v0.14.5
   Compiling core-foundation-sys v0.8.6
   Compiling subtle v2.5.0
   Compiling equivalent v1.0.1
   Compiling futures-util v0.3.30
   Compiling fnv v1.0.7
   Compiling bitflags v2.5.0
   Compiling errno v0.3.9
   Compiling futures-channel v0.3.30
   Compiling http v1.1.0
   Compiling ryu v1.0.18
   Compiling tokio v1.38.0
   Compiling block-buffer v0.10.4
   Compiling crypto-common v0.1.6
   Compiling indexmap v2.2.6
   Compiling tinyvec_macros v0.1.1
   Compiling percent-encoding v2.3.1
   Compiling digest v0.10.7
   Compiling core-foundation v0.9.4
   Compiling tinyvec v1.6.0
   Compiling security-framework-sys v2.11.0
   Compiling rustix v0.38.34
   Compiling fastrand v2.1.0
   Compiling serde_json v1.0.117
   Compiling form_urlencoded v1.2.1
   Compiling security-framework v2.11.0
   Compiling cpufeatures v0.2.12
   Compiling spin v0.9.8
   Compiling unicode-bidi v0.3.15
   Compiling untrusted v0.9.0
   Compiling unicode-normalization v0.1.23
   Compiling ring v0.17.8
   Compiling tempfile v3.10.1
   Compiling base64 v0.21.7
   Compiling either v1.12.0
   Compiling rand_core v0.6.4
   Compiling ppv-lite86 v0.2.17
   Compiling idna v0.5.0
   Compiling http-body v1.0.0
   Compiling native-tls v0.2.12
   Compiling minimal-lexical v0.2.1
   Compiling rand_chacha v0.3.1
   Compiling pin-project v1.1.5
   Compiling itertools v0.12.1
   Compiling url v2.5.0
   Compiling num-traits v0.2.19
   Compiling crossbeam-utils v0.8.20
   Compiling tower-service v0.3.2
   Compiling atomic-waker v1.1.2
   Compiling crc-catalog v2.4.0
   Compiling try-lock v0.2.5
   Compiling unicode_categories v0.1.1
   Compiling httpdate v1.0.3
   Compiling tower-layer v0.3.2
   Compiling want v0.3.1
   Compiling crc v3.2.1
   Compiling nom v7.1.3
   Compiling thiserror v1.0.61
   Compiling crossbeam-queue v0.3.11
   Compiling rand v0.8.5
   Compiling atoi v2.0.0
   Compiling httparse v1.8.0
   Compiling rustls-pemfile v1.0.4
   Compiling sha2 v0.10.8
   Compiling hmac v0.12.1
   Compiling hashlink v0.8.4
   Compiling futures-intrusive v0.5.0
   Compiling rustls-webpki v0.101.7
   Compiling sct v0.7.1
   Compiling uuid v1.8.0
   Compiling byteorder v1.5.0
   Compiling hex v0.4.3
   Compiling event-listener v2.5.3
   Compiling unicode-properties v0.1.1
   Compiling webpki-roots v0.25.4
   Compiling hkdf v0.12.4
   Compiling http-body-util v0.1.1
   Compiling rustls v0.21.12
   Compiling sqlformat v0.2.3
   Compiling stringprep v0.1.5
   Compiling md-5 v0.10.6
   Compiling aho-corasick v1.1.3
   Compiling mime v0.3.17
   Compiling regex-syntax v0.8.3
   Compiling home v0.5.9
   Compiling whoami v1.5.1
   Compiling dotenvy v0.15.7
   Compiling sync_wrapper v0.1.2
   Compiling serde_urlencoded v0.7.1
   Compiling num-conv v0.1.0
   Compiling utf8parse v0.2.1
   Compiling regex-syntax v0.6.29
   Compiling time-core v0.1.2
   Compiling powerfmt v0.2.0
   Compiling axum-core v0.4.3
   Compiling anstyle-parse v0.2.4
   Compiling time-macros v0.2.18
   Compiling system-configuration-sys v0.5.0
   Compiling deranged v0.3.11
   Compiling headers-core v0.3.0
   Compiling sha1 v0.10.6
   Compiling serde_path_to_error v0.1.16
   Compiling num_threads v0.1.7
   Compiling anstyle-query v1.1.0
   Compiling bitflags v1.3.2
   Compiling lazy_static v1.4.0
   Compiling overload v0.1.1
   Compiling matchit v0.7.3
   Compiling sync_wrapper v1.0.1
   Compiling is_terminal_polyfill v1.70.0
   Compiling base64 v0.22.1
   Compiling regex-automata v0.4.6
   Compiling anstyle v1.0.7
   Compiling tokio-util v0.7.11
   Compiling tokio-stream v0.1.15
   Compiling tower v0.4.13
   Compiling sqlx-core v0.7.4
   Compiling regex-automata v0.1.10
   Compiling tokio-native-tls v0.3.1
   Compiling rustls-pki-types v1.7.0
   Compiling colorchoice v1.0.1
   Compiling time v0.3.36
   Compiling anstream v0.6.14
   Compiling rustls-pemfile v2.1.2
   Compiling h2 v0.4.5
   Compiling nu-ansi-term v0.46.0
   Compiling sharded-slab v0.1.7
   Compiling system-configuration v0.5.1
   Compiling headers v0.4.0
   Compiling tracing-serde v0.1.3
   Compiling tracing-log v0.2.0
   Compiling matchers v0.1.0
   Compiling thread_local v1.1.8
   Compiling encoding_rs v0.8.34
   Compiling ipnet v2.9.0
   Compiling termcolor v1.4.1
   Compiling humantime v2.1.0
   Compiling tokio-retry v0.3.0
   Compiling dotenv v0.15.0
   Compiling sqlx-postgres v0.7.4
   Compiling simplelog v0.12.2
   Compiling regex v1.10.4
   Compiling env_filter v0.1.0
   Compiling tracing-subscriber v0.3.18
   Compiling env_logger v0.11.3
   Compiling hyper v1.3.1
   Compiling sqlx-macros-core v0.7.4
   Compiling hyper-util v0.1.5
   Compiling sqlx-macros v0.7.4
   Compiling hyper-tls v0.6.0
   Compiling axum v0.7.5
   Compiling sqlx v0.7.4
   Compiling reqwest v0.12.4
   Compiling database_utils v0.1.0 (/Users/THarpool/RustroverProjects/ocfs/database_utils)
   Compiling axum-extra v0.9.3
   Compiling case_data_api v0.1.0 (/Users/THarpool/RustroverProjects/ocfs/case_data_api)
warning: unused imports: `establish_connection`, `run_migrations`
 --> case_data_api/src/main.rs:1:22
  |
1 | use database_utils::{establish_connection, run_migrations};
  |                      ^^^^^^^^^^^^^^^^^^^^  ^^^^^^^^^^^^^^
  |
  = note: `#[warn(unused_imports)]` on by default

warning: unused variable: `headers`
  --> case_data_api/src/handlers.rs:97:5
   |
97 |     headers: HeaderMap,
   |     ^^^^^^^ help: if this is intentional, prefix it with an underscore: `_headers`
   |
   = note: `#[warn(unused_variables)]` on by default

warning: `case_data_api` (bin "case_data_api") generated 2 warnings (run `cargo fix --bin "case_data_api"` to apply 1 suggestion)
    Finished `dev` profile [unoptimized + debuginfo] target(s) in 29.52s
     Running `target/debug/case_data_api`
[2m2024-06-05T17:01:35.733271Z[0m [32m INFO[0m [2mcase_data_api::db[0m[2m:[0m Starting database connection
thread 'main' panicked at case_data_api/src/db.rs:8:49:
DATABASE_URL must be set: NotPresent
note: run with `RUST_BACKTRACE=1` environment variable to display a backtrace
